[debug] [2023-01-02T11:24:35.710Z] ----------------------------------------------------------------------
[debug] [2023-01-02T11:24:35.711Z] Command:       /usr/local/bin/firebase /Users/chinmayjain/.cache/firebase/tools/lib/node_modules/firebase-tools/lib/bin/firebase init hosting:github
[debug] [2023-01-02T11:24:35.712Z] CLI Version:   11.9.0
[debug] [2023-01-02T11:24:35.712Z] Platform:      darwin
[debug] [2023-01-02T11:24:35.712Z] Node Version:  v16.16.0
[debug] [2023-01-02T11:24:35.716Z] Time:          Mon Jan 02 2023 16:54:35 GMT+0530 (India Standard Time)
[debug] [2023-01-02T11:24:35.716Z] ----------------------------------------------------------------------
[debug] 
[debug] [2023-01-02T11:24:35.806Z] > command requires scopes: ["email","openid","https://www.googleapis.com/auth/cloudplatformprojects.readonly","https://www.googleapis.com/auth/firebase","https://www.googleapis.com/auth/cloud-platform"]
[debug] [2023-01-02T11:24:35.809Z] > authorizing via signed-in user (chinmay@leapwallet.io)
[info] 
     ######## #### ########  ######## ########     ###     ######  ########
     ##        ##  ##     ## ##       ##     ##  ##   ##  ##       ##
     ######    ##  ########  ######   ########  #########  ######  ######
     ##        ##  ##    ##  ##       ##     ## ##     ##       ## ##
     ##       #### ##     ## ######## ########  ##     ##  ######  ########

You're about to initialize a Firebase project in this directory:

  /Users/chinmayjain/Documents/Leap/leap-near-sdk-react-example

Before we get started, keep in mind:

  * You are initializing within an existing Firebase project directory

[info] 
=== Project Setup
[info] 
[info] First, let's associate this project directory with a Firebase project.
[info] You can create multiple project aliases by running firebase use --add, 
[info] but for now we'll just set up a default project.
[info] 
[debug] [2023-01-02T11:24:35.816Z] Using project from CLI flag: leap-near-sdk-example
[debug] [2023-01-02T11:24:35.820Z] >>> [apiv2][query] GET https://firebase.googleapis.com/v1beta1/projects/leap-near-sdk-example [none]
[debug] [2023-01-02T11:24:36.385Z] <<< [apiv2][status] GET https://firebase.googleapis.com/v1beta1/projects/leap-near-sdk-example 200
[debug] [2023-01-02T11:24:36.388Z] <<< [apiv2][body] GET https://firebase.googleapis.com/v1beta1/projects/leap-near-sdk-example {"projectId":"leap-near-sdk-example","projectNumber":"30641085229","displayName":"leap-near-sdk-example","name":"projects/leap-near-sdk-example","resources":{"hostingSite":"leap-near-sdk-example"},"state":"ACTIVE","etag":"1_64484fd7-646a-4fd9-8d40-77d18e3f3d22"}
[info] i  Using project leap-near-sdk-example (leap-near-sdk-example) 
[info] 
=== Hosting:github Setup
[info] 
[info] i  Detected a .git folder at /Users/chinmayjain/Documents/Leap/leap-near-sdk-react-example 
[info] i  Authorizing with GitHub to upload your service account to a GitHub repository's secrets store. 
[info] 
[info] Visit this URL on this device to log in:
[info] https://github.com/login/oauth/authorize?client_id=89cf50f02ac6aaed3484&state=962724043&redirect_uri=http%3A%2F%2Flocalhost%3A9005&scope=read%3Auser%20repo%20public_repo
[info] 
[info] Waiting for authentication...
[debug] [2023-01-02T11:24:37.412Z] >>> [apiv2][query] POST https://github.com/login/oauth/access_token [none]
[debug] [2023-01-02T11:24:37.414Z] >>> [apiv2][body] POST https://github.com/login/oauth/access_token [stream]
[debug] [2023-01-02T11:24:37.913Z] <<< [apiv2][status] POST https://github.com/login/oauth/access_token 200
[debug] [2023-01-02T11:24:37.915Z] <<< [apiv2][body] POST https://github.com/login/oauth/access_token {"access_token":"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","token_type":"bearer","scope":"read:user,repo"}
[debug] [2023-01-02T11:24:37.924Z] >>> [apiv2][query] GET https://api.github.com/user [none]
[debug] [2023-01-02T11:24:38.441Z] <<< [apiv2][status] GET https://api.github.com/user 200
[debug] [2023-01-02T11:24:38.441Z] <<< [apiv2][body] GET https://api.github.com/user {"login":"chinmayLeapw","id":112562192,"node_id":"U_kgDOBrWQEA","avatar_url":"https://avatars.githubusercontent.com/u/112562192?v=4","gravatar_id":"","url":"https://api.github.com/users/chinmayLeapw","html_url":"https://github.com/chinmayLeapw","followers_url":"https://api.github.com/users/chinmayLeapw/followers","following_url":"https://api.github.com/users/chinmayLeapw/following{/other_user}","gists_url":"https://api.github.com/users/chinmayLeapw/gists{/gist_id}","starred_url":"https://api.github.com/users/chinmayLeapw/starred{/owner}{/repo}","subscriptions_url":"https://api.github.com/users/chinmayLeapw/subscriptions","organizations_url":"https://api.github.com/users/chinmayLeapw/orgs","repos_url":"https://api.github.com/users/chinmayLeapw/repos","events_url":"https://api.github.com/users/chinmayLeapw/events{/privacy}","received_events_url":"https://api.github.com/users/chinmayLeapw/received_events","type":"User","site_admin":false,"name":null,"company":null,"blog":"","location":null,"email":null,"hireable":null,"bio":null,"twitter_username":null,"public_repos":0,"public_gists":0,"followers":0,"following":0,"created_at":"2022-08-31T13:34:42Z","updated_at":"2022-12-12T18:29:14Z","private_gists":0,"total_private_repos":0,"owned_private_repos":0,"disk_usage":0,"collaborators":0,"two_factor_authentication":false,"plan":{"name":"free","space":976562499,"collaborators":0,"private_repos":10000}}
[info] 
[info] ✔  Success! Logged into GitHub as chinmayLeapw 
[info] 
[debug] [2023-01-02T11:25:10.159Z] >>> [apiv2][query] GET https://api.github.com/repos/leapwallet/leap-near-sdk-react-example/actions/secrets/public-key type=owner
[debug] [2023-01-02T11:25:10.604Z] <<< [apiv2][status] GET https://api.github.com/repos/leapwallet/leap-near-sdk-react-example/actions/secrets/public-key 403
[debug] [2023-01-02T11:25:10.605Z] <<< [apiv2][body] GET https://api.github.com/repos/leapwallet/leap-near-sdk-react-example/actions/secrets/public-key {"message":"Must have admin rights to Repository.","documentation_url":"https://docs.github.com/rest/reference/actions#get-a-repository-public-key"}
[info] 
[info] 
[error] ⚠  The provided authorization cannot be used with this repository. If this repository is in an organization, did you remember to grant access? 
[info] 
[info] i  Action required: Visit this URL to ensure access has been granted to the appropriate organization(s) for the Firebase CLI GitHub OAuth App: 
[info] https://github.com/settings/connections/applications/89cf50f02ac6aaed3484
[info] 
